#
# There is insufficient memory for the Java Runtime Environment to continue.
# Native memory allocation (mmap) failed to map 255852544 bytes. Error detail: G1 virtual space
# Possible reasons:
#   The system is out of physical RAM or swap space
#   This process is running with CompressedOops enabled, and the Java Heap may be blocking the growth of the native heap
# Possible solutions:
#   Reduce memory load on the system
#   Increase physical memory or swap space
#   Check if swap backing store is full
#   Decrease Java heap size (-Xmx/-Xms)
#   Decrease number of Java threads
#   Decrease Java thread stack sizes (-Xss)
#   Set larger code cache with -XX:ReservedCodeCacheSize=
#   JVM is running with Zero Based Compressed Oops mode in which the Java heap is
#     placed in the first 32GB address space. The Java Heap base address is the
#     maximum limit for the native heap growth. Please use -XX:HeapBaseMinAddress
#     to set the Java Heap base and to place the Java Heap above 32GB virtual address.
# This output file may be truncated or incomplete.
#
#  Out of Memory Error (os_windows.cpp:3564), pid=48512, tid=17680
#
# JRE version:  (24.0.2+12) (build )
# Java VM: Java HotSpot(TM) 64-Bit Server VM (24.0.2+12-54, mixed mode, sharing, tiered, compressed oops, compressed class ptrs, g1 gc, windows-amd64)
# No core dump will be written. Minidumps are not enabled by default on client versions of Windows
#

---------------  S U M M A R Y ------------

Command Line: -Dfile.encoding=UTF8 com.hilary.run.ParseRunner

Host: AMD Ryzen 7 7840HS w/ Radeon 780M Graphics     , 16 cores, 15G,  Windows 11 , 64 bit Build 26100 (10.0.26100.6725)
Time: Wed Nov  5 20:16:15 2025 Hora estándar oeste, Sudamérica elapsed time: 0.025669 seconds (0d 0h 0m 0s)

---------------  T H R E A D  ---------------

Current thread (0x0000019bfff233e0):  JavaThread "Unknown thread" [_thread_in_vm, id=17680, stack(0x000000818bc00000,0x000000818bd00000) (1024K)]

Stack: [0x000000818bc00000,0x000000818bd00000]
Native frames: (J=compiled Java code, j=interpreted, Vv=VM code, C=native code)
V  [jvm.dll+0x730829]  (no source info available)
V  [jvm.dll+0x8d9da3]  (no source info available)
V  [jvm.dll+0x8dc28d]  (no source info available)
V  [jvm.dll+0x8dc903]  (no source info available)
V  [jvm.dll+0x2a9f56]  (no source info available)
V  [jvm.dll+0x72cd55]  (no source info available)
V  [jvm.dll+0x72066a]  (no source info available)
V  [jvm.dll+0x390b7a]  (no source info available)
V  [jvm.dll+0x398906]  (no source info available)
V  [jvm.dll+0x3850de]  (no source info available)
V  [jvm.dll+0x385398]  (no source info available)
V  [jvm.dll+0x35d10c]  (no source info available)
V  [jvm.dll+0x35ddcd]  (no source info available)
V  [jvm.dll+0x89d50f]  (no source info available)
V  [jvm.dll+0x3f979d]  (no source info available)
V  [jvm.dll+0x885b66]  (no source info available)
V  [jvm.dll+0x495e7e]  (no source info available)
V  [jvm.dll+0x497c51]  (no source info available)
C  [jli.dll+0x52a1]  (no source info available)
C  [ucrtbase.dll+0x37b0]  (no source info available)
C  [KERNEL32.DLL+0x2e8d7]  (no source info available)
C  [ntdll.dll+0x8c53c]  (no source info available)

Lock stack of current Java thread (top to bottom):


---------------  P R O C E S S  ---------------

Threads class SMR info:
_java_thread_list=0x00007ffb9a2ff318, length=0, elements={
}

Java Threads: ( => current thread )
Total: 0

Other Threads:
  0x0000019b824c0360 WorkerThread "GC Thread#0"                     [id=6876, stack(0x000000818bd00000,0x000000818be00000) (1024K)]
  0x0000019b824d5270 ConcurrentGCThread "G1 Main Marker"            [id=29204, stack(0x000000818be00000,0x000000818bf00000) (1024K)]
  0x0000019b824d8430 WorkerThread "G1 Conc#0"                       [id=30240, stack(0x000000818bf00000,0x000000818c000000) (1024K)]

[error occurred during error reporting (printing all threads), id 0xc0000005, EXCEPTION_ACCESS_VIOLATION (0xc0000005) at pc=0x00007ffb99a3138a]
VM state: not at safepoint (not fully initialized)

VM Mutex/Monitor currently owned by a thread:  ([mutex/lock_event])
[0x00007ffb9a3845f0] Heap_lock - owner thread: 0x0000019bfff233e0

Heap address: 0x000000070ce00000, size: 3890 MB, Compressed Oops mode: Zero based, Oop shift amount: 3

CDS archive(s) mapped at: [0x0000000000000000-0x0000000000000000-0x0000000000000000), size 0, SharedBaseAddress: 0x0000000800000000, ArchiveRelocationMode: 1.
UseCompressedClassPointers 1, UseCompactObjectHeaders 0
Narrow klass pointer bits 32, Max shift 3
Narrow klass base: 0xffffffffffffffff, Narrow klass shift: -1
Encoding Range: [0xffffffffffffffff - 0x000000007fffffff), (2147483648 bytes)
Klass Range:    [0x0000000000000000 - 0x0000000000000000), (0 bytes)
Klass ID Range:  [4294967295 - 0) (1)

GC Precious Log:
 CardTable entry size: 512
 Card Set container configuration: InlinePtr #cards 4 size 8 Array Of Cards #cards 16 size 48 Howl #buckets 8 coarsen threshold 3686 Howl Bitmap #cards 512 size 80 coarsen threshold 460 Card regions per heap region 1 cards per card region 4096

Heap:
 garbage-first heap   total reserved 3983360K, committed 0K, used 0K [0x000000070ce00000, 0x0000000800000000)
  region size 2048K, 0 young (0K), 0 survivors (0K)

[error occurred during error reporting (printing heap information), id 0xc0000005, EXCEPTION_ACCESS_VIOLATION (0xc0000005) at pc=0x00007ffb99e4e679]
GC Heap History (0 events):
No events

Dll operation events (1 events):
Event: 0.014 Loaded shared library C:\Program Files\Java\jdk-24\bin\java.dll

Deoptimization events (0 events):
No events

Classes loaded (0 events):
No events

Classes unloaded (0 events):
No events

Classes redefined (0 events):
No events

Internal exceptions (0 events):
No events

VM Operations (0 events):
No events

Memory protections (0 events):
No events

Nmethod flushes (0 events):
No events

Events (0 events):
No events


Dynamic libraries:
0x00007ff682600000 - 0x00007ff682610000 	C:\Program Files\Java\jdk-24\bin\java.exe
0x00007ffc64220000 - 0x00007ffc64488000 	C:\WINDOWS\SYSTEM32\ntdll.dll
0x00007ffc634a0000 - 0x00007ffc63569000 	C:\WINDOWS\System32\KERNEL32.DLL
0x00007ffc61620000 - 0x00007ffc61a12000 	C:\WINDOWS\System32\KERNELBASE.dll
0x00007ffc61b80000 - 0x00007ffc61ccb000 	C:\WINDOWS\System32\ucrtbase.dll
0x00007ffc47090000 - 0x00007ffc470a6000 	C:\Program Files\Java\jdk-24\bin\jli.dll
0x00007ffc46fb0000 - 0x00007ffc46fcb000 	C:\Program Files\Java\jdk-24\bin\VCRUNTIME140.dll
0x00007ffc63220000 - 0x00007ffc633e5000 	C:\WINDOWS\System32\USER32.dll
0x00007ffc49020000 - 0x00007ffc492b3000 	C:\WINDOWS\WinSxS\amd64_microsoft.windows.common-controls_6595b64144ccf1df_6.0.26100.6899_none_3e0efeeae32e88c1\COMCTL32.dll
0x00007ffc61cd0000 - 0x00007ffc61cf7000 	C:\WINDOWS\System32\win32u.dll
0x00007ffc633f0000 - 0x00007ffc63499000 	C:\WINDOWS\System32\msvcrt.dll
0x00007ffc62b10000 - 0x00007ffc62b3b000 	C:\WINDOWS\System32\GDI32.dll
0x00007ffc61460000 - 0x00007ffc6158d000 	C:\WINDOWS\System32\gdi32full.dll
0x00007ffc613b0000 - 0x00007ffc61453000 	C:\WINDOWS\System32\msvcp_win.dll
0x00007ffc62e60000 - 0x00007ffc62e8f000 	C:\WINDOWS\System32\IMM32.DLL
0x00007ffc51170000 - 0x00007ffc5117c000 	C:\Program Files\Java\jdk-24\bin\vcruntime140_1.dll
0x00007ffc28190000 - 0x00007ffc2821e000 	C:\Program Files\Java\jdk-24\bin\msvcp140.dll
0x00007ffb996c0000 - 0x00007ffb9a461000 	C:\Program Files\Java\jdk-24\bin\server\jvm.dll
0x00007ffc62ce0000 - 0x00007ffc62d94000 	C:\WINDOWS\System32\ADVAPI32.dll
0x00007ffc62a00000 - 0x00007ffc62aa6000 	C:\WINDOWS\System32\sechost.dll
0x00007ffc635f0000 - 0x00007ffc63708000 	C:\WINDOWS\System32\RPCRT4.dll
0x00007ffc63710000 - 0x00007ffc63784000 	C:\WINDOWS\System32\WS2_32.dll
0x00007ffc61210000 - 0x00007ffc6126e000 	C:\WINDOWS\SYSTEM32\POWRPROF.dll
0x00007ffc596a0000 - 0x00007ffc596d5000 	C:\WINDOWS\SYSTEM32\WINMM.dll
0x00007ffc56530000 - 0x00007ffc5653b000 	C:\WINDOWS\SYSTEM32\VERSION.dll
0x00007ffc611f0000 - 0x00007ffc61204000 	C:\WINDOWS\SYSTEM32\UMPDC.dll
0x00007ffc60180000 - 0x00007ffc6019b000 	C:\WINDOWS\SYSTEM32\kernel.appcore.dll
0x00007ffc50ef0000 - 0x00007ffc50efa000 	C:\Program Files\Java\jdk-24\bin\jimage.dll
0x00007ffc5e850000 - 0x00007ffc5ea92000 	C:\WINDOWS\SYSTEM32\DBGHELP.DLL
0x00007ffc62ea0000 - 0x00007ffc6321b000 	C:\WINDOWS\System32\combase.dll
0x00007ffc61ff0000 - 0x00007ffc620c7000 	C:\WINDOWS\System32\OLEAUT32.dll
0x00007ffc48f80000 - 0x00007ffc48fbc000 	C:\WINDOWS\SYSTEM32\dbgcore.DLL
0x00007ffc61a20000 - 0x00007ffc61ab8000 	C:\WINDOWS\System32\bcryptPrimitives.dll
0x00007ffc44340000 - 0x00007ffc4435e000 	C:\Program Files\Java\jdk-24\bin\java.dll
0x00007ffc639c0000 - 0x00007ffc63b58000 	C:\WINDOWS\System32\ole32.dll
0x00007ffc622b0000 - 0x00007ffc629fd000 	C:\WINDOWS\System32\SHELL32.dll
0x00007ffc61d00000 - 0x00007ffc61e6b000 	C:\WINDOWS\System32\wintypes.dll

JVMTI agents: none

dbghelp: loaded successfully - version: 4.0.5 - missing functions: none
symbol engine: initialized successfully - sym options: 0x614 - pdb path: .;C:\Program Files\Java\jdk-24\bin;C:\WINDOWS\SYSTEM32;C:\WINDOWS\WinSxS\amd64_microsoft.windows.common-controls_6595b64144ccf1df_6.0.26100.6899_none_3e0efeeae32e88c1;C:\Program Files\Java\jdk-24\bin\server

VM Arguments:
jvm_args: -Dfile.encoding=UTF8 
java_command: com.hilary.run.ParseRunner
java_class_path (initial): .\out
Launcher Type: SUN_STANDARD

[Global flags]
     intx CICompilerCount                          = 12                                        {product} {ergonomic}
     uint ConcGCThreads                            = 3                                         {product} {ergonomic}
     uint G1ConcRefinementThreads                  = 13                                        {product} {ergonomic}
   size_t G1HeapRegionSize                         = 2097152                                   {product} {ergonomic}
   size_t InitialHeapSize                          = 255852544                                 {product} {ergonomic}
   size_t MarkStackSize                            = 4194304                                   {product} {ergonomic}
   size_t MarkStackSizeMax                         = 536870912                                 {product} {ergonomic}
   size_t MaxHeapSize                              = 4078960640                                {product} {ergonomic}
   size_t MinHeapDeltaBytes                        = 2097152                                   {product} {ergonomic}
   size_t MinHeapSize                              = 8388608                                   {product} {ergonomic}
    uintx NonNMethodCodeHeapSize                   = 7602176                                {pd product} {ergonomic}
    uintx NonProfiledCodeHeapSize                  = 122093568                              {pd product} {ergonomic}
    uintx ProfiledCodeHeapSize                     = 121962496                              {pd product} {ergonomic}
    uintx ReservedCodeCacheSize                    = 251658240                              {pd product} {ergonomic}
     bool SegmentedCodeCache                       = true                                      {product} {ergonomic}
   size_t SoftMaxHeapSize                          = 4078960640                             {manageable} {ergonomic}
     bool UseCompressedOops                        = true                           {product lp64_product} {ergonomic}
     bool UseG1GC                                  = true                                      {product} {ergonomic}
     bool UseLargePagesIndividualAllocation        = false                                  {pd product} {ergonomic}

Logging:
Log output configuration:
 #0: stdout all=warning uptime,level,tags foldmultilines=false
 #1: stderr all=off uptime,level,tags foldmultilines=false

Environment Variables:
JAVA_TOOL_OPTIONS=-Dfile.encoding=UTF8
PATH=C:\Program Files\Common Files\Oracle\Java\javapath;C:\app\ismar\product\21c\dbhomeXE\bin;C:\Windows\system32;C:\Windows;C:\Windows\System32\Wbem;C:\Windows\System32\WindowsPowerShell\v1.0\;C:\Windows\System32\OpenSSH\;C:\Program Files\dotnet\;C:\Program Files (x86)\NVIDIA Corporation\PhysX\Common;C:\Program Files\Git\cmd;C:\Program Files\Microsoft SQL Server\150\Tools\Binn\;C:\Program Files\Microsoft SQL Server\Client SDK\ODBC\170\Tools\Binn\;C:\Program Files (x86)\Microsoft SQL Server\160\Tools\Binn\;C:\Program Files\Microsoft SQL Server\160\Tools\Binn\;C:\Program Files\Microsoft SQL Server\160\DTS\Binn\;C:\WINDOWS\system32;C:\WINDOWS;C:\WINDOWS\System32\Wbem;C:\WINDOWS\System32\WindowsPowerShell\v1.0\;C:\WINDOWS\System32\OpenSSH\;C:\Program Files (x86)\GtkSharp\2.12\bin;C:\Program Files\nodejs\;C:\ProgramData\chocolatey\bin;C:\Program Files\NVIDIA Corporation\NVIDIA App\NvDLISR;C:\Tools;C:\Program Files\Amazon\AWSCLIV2\;C:\Program Files\Docker\Docker\resources\bin;C:\Users\ismar\AppData\Local\Microsoft\WindowsApps;C:\Users\ismar\.dotnet\tools;C:\Users\ismar\AppData\Local\Android\Sdk;C:\Users\ismar\AppData\Local\Android\Sdk\platform-tools;C:\Users\ismar\AppData\Local\Programs\Microsoft VS Code\bin;C:\Users\ismar\AppData\Roaming\npm;C:\Program Files\JetBrains\IntelliJ IDEA 2025.2.4\bin
USERNAME=ismar
OS=Windows_NT
PROCESSOR_IDENTIFIER=AMD64 Family 25 Model 116 Stepping 1, AuthenticAMD
TMP=C:\Users\ismar\AppData\Local\Temp
TEMP=C:\Users\ismar\AppData\Local\Temp




Periodic native trim disabled

---------------  S Y S T E M  ---------------

OS:
 Windows 11 , 64 bit Build 26100 (10.0.26100.6725)
OS uptime: 8 days 1:29 hours
Hyper-V role detected

CPU: total 16 (initial active 16) (16 cores per cpu, 2 threads per core) family 25 model 116 stepping 1 microcode 0xa704101, cx8, cmov, fxsr, ht, mmx, 3dnowpref, sse, sse2, sse3, ssse3, sse4a, sse4.1, sse4.2, popcnt, lzcnt, tsc, tscinvbit, avx, avx2, aes, erms, clmul, bmi1, bmi2, adx, avx512f, avx512dq, avx512cd, avx512bw, avx512vl, sha, fma, vzeroupper, avx512_vpopcntdq, avx512_vpclmulqdq, avx512_vaes, avx512_vnni, clflush, clflushopt, avx512_vbmi2, avx512_vbmi, hv, rdtscp, rdpid, gfni, avx512_bitalg, f16c, cet_ss, avx512_ifma
Processor Information for the first 16 processors :
  Max Mhz: 3801, Current Mhz: 2516, Mhz Limit: 3801

Memory: 4k page, system-wide physical 15556M (990M free)
TotalPageFile size 49447M (AvailPageFile size 251M)
current process WorkingSet (physical memory assigned to process): 13M, peak: 13M
current process commit charge ("private bytes"): 71M, peak: 315M

vm_info: Java HotSpot(TM) 64-Bit Server VM (24.0.2+12-54) for windows-amd64 JRE (24.0.2+12-54), built on 2025-07-08T12:10:27Z with MS VC++ 17.6 (VS2022)

END.
